d:\rts-system\atproject\atproject\debug\vc141.pdb
d:\rts-system\atproject\atproject\debug\vc141.idb
d:\rts-system\atproject\atproject\debug\winmain.obj
d:\rts-system\atproject\atproject\debug\model.obj
d:\rts-system\atproject\atproject\debug\dxapp.obj
d:\rts-system\atproject\atproject\debug\triangle.obj
d:\rts-system\atproject\atproject\pixelshader.cso
d:\rts-system\atproject\atproject\vertexshader.cso
d:\rts-system\atproject\debug\atproject.pdb
d:\rts-system\atproject\atproject\debug\atproject.tlog\cl.command.1.tlog
d:\rts-system\atproject\atproject\debug\atproject.tlog\cl.read.1.tlog
d:\rts-system\atproject\atproject\debug\atproject.tlog\cl.write.1.tlog
d:\rts-system\atproject\atproject\debug\atproject.tlog\fxc.command.1.tlog
d:\rts-system\atproject\atproject\debug\atproject.tlog\fxc.read.1.tlog
d:\rts-system\atproject\atproject\debug\atproject.tlog\fxc.write.1.tlog
d:\rts-system\atproject\atproject\debug\atproject.tlog\link.3644-cvtres.read.1.tlog
d:\rts-system\atproject\atproject\debug\atproject.tlog\link.3644-cvtres.write.1.tlog
d:\rts-system\atproject\atproject\debug\atproject.tlog\link.3644-rc.read.1.tlog
d:\rts-system\atproject\atproject\debug\atproject.tlog\link.3644-rc.write.1.tlog
d:\rts-system\atproject\atproject\debug\atproject.tlog\link.3644.read.1.tlog
d:\rts-system\atproject\atproject\debug\atproject.tlog\link.3644.write.1.tlog
d:\rts-system\atproject\atproject\debug\atproject.tlog\link.command.1.tlog
d:\rts-system\atproject\atproject\debug\atproject.tlog\link.read.1.tlog
d:\rts-system\atproject\atproject\debug\atproject.tlog\link.write.1.tlog
