d:\rts-system\gameengine\gameengine\debug\vc141.pdb
d:\rts-system\gameengine\gameengine\debug\vc141.idb
d:\rts-system\gameengine\gameengine\debug\wictextureloader.obj
d:\rts-system\gameengine\gameengine\debug\textureshaderclass.obj
d:\rts-system\gameengine\gameengine\debug\textureclass.obj
d:\rts-system\gameengine\gameengine\debug\systemclass.obj
d:\rts-system\gameengine\gameengine\debug\modelclass.obj
d:\rts-system\gameengine\gameengine\debug\main.obj
d:\rts-system\gameengine\gameengine\debug\inputclass.obj
d:\rts-system\gameengine\gameengine\debug\graphicsclass.obj
d:\rts-system\gameengine\gameengine\debug\d3dclass.obj
d:\rts-system\gameengine\gameengine\debug\colorshaderclass.obj
d:\rts-system\gameengine\gameengine\debug\cameraclass.obj
d:\rts-system\gameengine\debug\colorps.cso
d:\rts-system\gameengine\debug\colorvs.cso
d:\rts-system\gameengine\debug\gameengine.exe
d:\rts-system\gameengine\debug\gameengine.ilk
d:\rts-system\gameengine\debug\gameengine.pdb
d:\rts-system\gameengine\gameengine\debug\gameengine.tlog\cl.command.1.tlog
d:\rts-system\gameengine\gameengine\debug\gameengine.tlog\cl.read.1.tlog
d:\rts-system\gameengine\gameengine\debug\gameengine.tlog\cl.write.1.tlog
d:\rts-system\gameengine\gameengine\debug\gameengine.tlog\fxc.command.1.tlog
d:\rts-system\gameengine\gameengine\debug\gameengine.tlog\fxc.read.1.tlog
d:\rts-system\gameengine\gameengine\debug\gameengine.tlog\fxc.write.1.tlog
d:\rts-system\gameengine\gameengine\debug\gameengine.tlog\link.command.1.tlog
d:\rts-system\gameengine\gameengine\debug\gameengine.tlog\link.read.1.tlog
d:\rts-system\gameengine\gameengine\debug\gameengine.tlog\link.write.1.tlog
